ERROR - 2023-11-07 13:59:47 --> Error connecting to the database: mysqli_sql_exception: Access denied for user 'rootx'@'localhost' (using password: NO) in C:\xampp\htdocs\codeigniter4\system\Database\MySQLi\Connection.php:174
Stack trace:
#0 C:\xampp\htdocs\codeigniter4\system\Database\MySQLi\Connection.php(174): mysqli->real_connect('localhost', 'rootx', '', 'code_peliculas', 3306, '', 0)
#1 C:\xampp\htdocs\codeigniter4\system\Database\BaseConnection.php(391): CodeIgniter\Database\MySQLi\Connection->connect(false)
#2 C:\xampp\htdocs\codeigniter4\system\Database\BaseConnection.php(574): CodeIgniter\Database\BaseConnection->initialize()
#3 C:\xampp\htdocs\codeigniter4\system\Database\BaseBuilder.php(1616): CodeIgniter\Database\BaseConnection->query('SELECT *\nFROM `...', Array, false)
#4 C:\xampp\htdocs\codeigniter4\system\Model.php(241): CodeIgniter\Database\BaseBuilder->get()
#5 C:\xampp\htdocs\codeigniter4\system\BaseModel.php(618): CodeIgniter\Model->doFindAll(0, 0)
#6 C:\xampp\htdocs\codeigniter4\app\Controllers\Pelicula.php(11): CodeIgniter\BaseModel->findAll()
#7 C:\xampp\htdocs\codeigniter4\system\CodeIgniter.php(932): App\Controllers\Pelicula->index()
#8 C:\xampp\htdocs\codeigniter4\system\CodeIgniter.php(497): CodeIgniter\CodeIgniter->runController(Object(App\Controllers\Pelicula))
#9 C:\xampp\htdocs\codeigniter4\system\CodeIgniter.php(366): CodeIgniter\CodeIgniter->handleRequest(NULL, Object(Config\Cache), false)
#10 C:\xampp\htdocs\codeigniter4\public\index.php(67): CodeIgniter\CodeIgniter->run()
#11 {main}

Next CodeIgniter\Database\Exceptions\DatabaseException: Access denied for user '****'@'localhost' (using password: NO) in C:\xampp\htdocs\codeigniter4\system\Database\MySQLi\Connection.php:218
Stack trace:
#0 C:\xampp\htdocs\codeigniter4\system\Database\BaseConnection.php(391): CodeIgniter\Database\MySQLi\Connection->connect(false)
#1 C:\xampp\htdocs\codeigniter4\system\Database\BaseConnection.php(574): CodeIgniter\Database\BaseConnection->initialize()
#2 C:\xampp\htdocs\codeigniter4\system\Database\BaseBuilder.php(1616): CodeIgniter\Database\BaseConnection->query('SELECT *\nFROM `...', Array, false)
#3 C:\xampp\htdocs\codeigniter4\system\Model.php(241): CodeIgniter\Database\BaseBuilder->get()
#4 C:\xampp\htdocs\codeigniter4\system\BaseModel.php(618): CodeIgniter\Model->doFindAll(0, 0)
#5 C:\xampp\htdocs\codeigniter4\app\Controllers\Pelicula.php(11): CodeIgniter\BaseModel->findAll()
#6 C:\xampp\htdocs\codeigniter4\system\CodeIgniter.php(932): App\Controllers\Pelicula->index()
#7 C:\xampp\htdocs\codeigniter4\system\CodeIgniter.php(497): CodeIgniter\CodeIgniter->runController(Object(App\Controllers\Pelicula))
#8 C:\xampp\htdocs\codeigniter4\system\CodeIgniter.php(366): CodeIgniter\CodeIgniter->handleRequest(NULL, Object(Config\Cache), false)
#9 C:\xampp\htdocs\codeigniter4\public\index.php(67): CodeIgniter\CodeIgniter->run()
#10 {main}
CRITICAL - 2023-11-07 13:59:47 --> Unable to connect to the database.
Main connection [MySQLi]: Access denied for user '****'@'localhost' (using password: NO)
in SYSTEMPATH\Database\BaseConnection.php on line 427.
 1 SYSTEMPATH\Database\BaseConnection.php(574): CodeIgniter\Database\BaseConnection->initialize()
 2 SYSTEMPATH\Database\BaseBuilder.php(1616): CodeIgniter\Database\BaseConnection->query('SELECT *
FROM `peliculas`', [], false)
 3 SYSTEMPATH\Model.php(241): CodeIgniter\Database\BaseBuilder->get()
 4 SYSTEMPATH\BaseModel.php(618): CodeIgniter\Model->doFindAll(0, 0)
 5 APPPATH\Controllers\Pelicula.php(11): CodeIgniter\BaseModel->findAll()
 6 SYSTEMPATH\CodeIgniter.php(932): App\Controllers\Pelicula->index()
 7 SYSTEMPATH\CodeIgniter.php(497): CodeIgniter\CodeIgniter->runController(Object(App\Controllers\Pelicula))
 8 SYSTEMPATH\CodeIgniter.php(366): CodeIgniter\CodeIgniter->handleRequest(null, Object(Config\Cache), false)
 9 FCPATH\index.php(67): CodeIgniter\CodeIgniter->run()
CRITICAL - 2023-11-07 14:08:36 --> Use of undefined constant titulo - assumed 'titulo' (this will throw an Error in a future version of PHP)
in APPPATH\Controllers\pelicula.php on line 11.
 1 APPPATH\Controllers\pelicula.php(11): CodeIgniter\Debug\Exceptions->errorHandler(2, 'Use of undefined constant titulo - assumed \'titulo\' (this will throw an Error in a future version of PHP)', 'C:\\xampp\\htdocs\\codeigniter4\\app\\Controllers\\pelicula.php', 11, [...])
 2 SYSTEMPATH\CodeIgniter.php(932): App\Controllers\pelicula->index()
 3 SYSTEMPATH\CodeIgniter.php(497): CodeIgniter\CodeIgniter->runController(Object(App\Controllers\pelicula))
 4 SYSTEMPATH\CodeIgniter.php(366): CodeIgniter\CodeIgniter->handleRequest(null, Object(Config\Cache), false)
 5 FCPATH\index.php(67): CodeIgniter\CodeIgniter->run()
CRITICAL - 2023-11-07 14:08:39 --> Use of undefined constant titulo - assumed 'titulo' (this will throw an Error in a future version of PHP)
in APPPATH\Controllers\pelicula.php on line 11.
 1 APPPATH\Controllers\pelicula.php(11): CodeIgniter\Debug\Exceptions->errorHandler(2, 'Use of undefined constant titulo - assumed \'titulo\' (this will throw an Error in a future version of PHP)', 'C:\\xampp\\htdocs\\codeigniter4\\app\\Controllers\\pelicula.php', 11, [...])
 2 SYSTEMPATH\CodeIgniter.php(932): App\Controllers\pelicula->index()
 3 SYSTEMPATH\CodeIgniter.php(497): CodeIgniter\CodeIgniter->runController(Object(App\Controllers\pelicula))
 4 SYSTEMPATH\CodeIgniter.php(366): CodeIgniter\CodeIgniter->handleRequest(null, Object(Config\Cache), false)
 5 FCPATH\index.php(67): CodeIgniter\CodeIgniter->run()
CRITICAL - 2023-11-07 14:22:32 --> Invalid argument supplied for foreach()
in APPPATH\Views\index.php on line 15.
 1 APPPATH\Views\index.php(15): CodeIgniter\Debug\Exceptions->errorHandler(2, 'Invalid argument supplied for foreach()', 'C:\\xampp\\htdocs\\codeigniter4\\app\\Views\\index.php', 15, [])
 2 SYSTEMPATH\View\View.php(224): include('C:\\xampp\\htdocs\\codeigniter4\\app\\Views\\index.php')
 3 SYSTEMPATH\View\View.php(227): CodeIgniter\View\View->CodeIgniter\View\{closure}()
 4 SYSTEMPATH\Common.php(1180): CodeIgniter\View\View->render('index', [], true)
 5 APPPATH\Controllers\pelicula.php(14): view('index', [...])
 6 SYSTEMPATH\CodeIgniter.php(932): App\Controllers\pelicula->index()
 7 SYSTEMPATH\CodeIgniter.php(497): CodeIgniter\CodeIgniter->runController(Object(App\Controllers\pelicula))
 8 SYSTEMPATH\CodeIgniter.php(366): CodeIgniter\CodeIgniter->handleRequest(null, Object(Config\Cache), false)
 9 FCPATH\index.php(67): CodeIgniter\CodeIgniter->run()
CRITICAL - 2023-11-07 14:24:41 --> Invalid argument supplied for foreach()
in APPPATH\Views\index.php on line 12.
 1 APPPATH\Views\index.php(12): CodeIgniter\Debug\Exceptions->errorHandler(2, 'Invalid argument supplied for foreach()', 'C:\\xampp\\htdocs\\codeigniter4\\app\\Views\\index.php', 12, [])
 2 SYSTEMPATH\View\View.php(224): include('C:\\xampp\\htdocs\\codeigniter4\\app\\Views\\index.php')
 3 SYSTEMPATH\View\View.php(227): CodeIgniter\View\View->CodeIgniter\View\{closure}()
 4 SYSTEMPATH\Common.php(1180): CodeIgniter\View\View->render('index', [], true)
 5 APPPATH\Controllers\pelicula.php(14): view('index', [...])
 6 SYSTEMPATH\CodeIgniter.php(932): App\Controllers\pelicula->index()
 7 SYSTEMPATH\CodeIgniter.php(497): CodeIgniter\CodeIgniter->runController(Object(App\Controllers\pelicula))
 8 SYSTEMPATH\CodeIgniter.php(366): CodeIgniter\CodeIgniter->handleRequest(null, Object(Config\Cache), false)
 9 FCPATH\index.php(67): CodeIgniter\CodeIgniter->run()
CRITICAL - 2023-11-07 14:29:11 --> Invalid argument supplied for foreach()
in APPPATH\Views\index.php on line 12.
 1 APPPATH\Views\index.php(12): CodeIgniter\Debug\Exceptions->errorHandler(2, 'Invalid argument supplied for foreach()', 'C:\\xampp\\htdocs\\codeigniter4\\app\\Views\\index.php', 12, [])
 2 SYSTEMPATH\View\View.php(224): include('C:\\xampp\\htdocs\\codeigniter4\\app\\Views\\index.php')
 3 SYSTEMPATH\View\View.php(227): CodeIgniter\View\View->CodeIgniter\View\{closure}()
 4 SYSTEMPATH\Common.php(1180): CodeIgniter\View\View->render('index', [], true)
 5 APPPATH\Controllers\pelicula.php(12): view('index', [...])
 6 SYSTEMPATH\CodeIgniter.php(932): App\Controllers\pelicula->index()
 7 SYSTEMPATH\CodeIgniter.php(497): CodeIgniter\CodeIgniter->runController(Object(App\Controllers\pelicula))
 8 SYSTEMPATH\CodeIgniter.php(366): CodeIgniter\CodeIgniter->handleRequest(null, Object(Config\Cache), false)
 9 FCPATH\index.php(67): CodeIgniter\CodeIgniter->run()
CRITICAL - 2023-11-07 15:04:13 --> syntax error, unexpected '?>'
in APPPATH\Views\index.php on line 28.
 1 SYSTEMPATH\View\View.php(227): CodeIgniter\View\View->CodeIgniter\View\{closure}()
 2 SYSTEMPATH\Common.php(1180): CodeIgniter\View\View->render('index', [], true)
 3 APPPATH\Controllers\pelicula.php(12): view('index', [...])
 4 SYSTEMPATH\CodeIgniter.php(932): App\Controllers\pelicula->index()
 5 SYSTEMPATH\CodeIgniter.php(497): CodeIgniter\CodeIgniter->runController(Object(App\Controllers\pelicula))
 6 SYSTEMPATH\CodeIgniter.php(366): CodeIgniter\CodeIgniter->handleRequest(null, Object(Config\Cache), false)
 7 FCPATH\index.php(67): CodeIgniter\CodeIgniter->run()
CRITICAL - 2023-11-07 16:03:42 --> Invalid file: "/pelicula/show.php"
in SYSTEMPATH\Exceptions\FrameworkException.php on line 33.
 1 SYSTEMPATH\View\View.php(212): CodeIgniter\Exceptions\FrameworkException::forInvalidFile('/pelicula/show.php')
 2 SYSTEMPATH\Common.php(1180): CodeIgniter\View\View->render('/pelicula/show', [], true)
 3 APPPATH\Controllers\pelicula.php(19): view('/pelicula/show', [...])
 4 SYSTEMPATH\CodeIgniter.php(932): App\Controllers\pelicula->show('1')
 5 SYSTEMPATH\CodeIgniter.php(497): CodeIgniter\CodeIgniter->runController(Object(App\Controllers\pelicula))
 6 SYSTEMPATH\CodeIgniter.php(366): CodeIgniter\CodeIgniter->handleRequest(null, Object(Config\Cache), false)
 7 FCPATH\index.php(67): CodeIgniter\CodeIgniter->run()
CRITICAL - 2023-11-07 16:03:49 --> Invalid file: "/pelicula/show.php"
in SYSTEMPATH\Exceptions\FrameworkException.php on line 33.
 1 SYSTEMPATH\View\View.php(212): CodeIgniter\Exceptions\FrameworkException::forInvalidFile('/pelicula/show.php')
 2 SYSTEMPATH\Common.php(1180): CodeIgniter\View\View->render('/pelicula/show', [], true)
 3 APPPATH\Controllers\pelicula.php(19): view('/pelicula/show', [...])
 4 SYSTEMPATH\CodeIgniter.php(932): App\Controllers\pelicula->show('2')
 5 SYSTEMPATH\CodeIgniter.php(497): CodeIgniter\CodeIgniter->runController(Object(App\Controllers\pelicula))
 6 SYSTEMPATH\CodeIgniter.php(366): CodeIgniter\CodeIgniter->handleRequest(null, Object(Config\Cache), false)
 7 FCPATH\index.php(67): CodeIgniter\CodeIgniter->run()
CRITICAL - 2023-11-07 16:05:18 --> Invalid file: "/pelicula/show.php"
in SYSTEMPATH\Exceptions\FrameworkException.php on line 33.
 1 SYSTEMPATH\View\View.php(212): CodeIgniter\Exceptions\FrameworkException::forInvalidFile('/pelicula/show.php')
 2 SYSTEMPATH\Common.php(1180): CodeIgniter\View\View->render('/pelicula/show', [], true)
 3 APPPATH\Controllers\pelicula.php(19): view('/pelicula/show', [...])
 4 SYSTEMPATH\CodeIgniter.php(932): App\Controllers\pelicula->show('2')
 5 SYSTEMPATH\CodeIgniter.php(497): CodeIgniter\CodeIgniter->runController(Object(App\Controllers\pelicula))
 6 SYSTEMPATH\CodeIgniter.php(366): CodeIgniter\CodeIgniter->handleRequest(null, Object(Config\Cache), false)
 7 FCPATH\index.php(67): CodeIgniter\CodeIgniter->run()
CRITICAL - 2023-11-07 16:05:22 --> Invalid file: "/pelicula/show.php"
in SYSTEMPATH\Exceptions\FrameworkException.php on line 33.
 1 SYSTEMPATH\View\View.php(212): CodeIgniter\Exceptions\FrameworkException::forInvalidFile('/pelicula/show.php')
 2 SYSTEMPATH\Common.php(1180): CodeIgniter\View\View->render('/pelicula/show', [], true)
 3 APPPATH\Controllers\pelicula.php(19): view('/pelicula/show', [...])
 4 SYSTEMPATH\CodeIgniter.php(932): App\Controllers\pelicula->show('1')
 5 SYSTEMPATH\CodeIgniter.php(497): CodeIgniter\CodeIgniter->runController(Object(App\Controllers\pelicula))
 6 SYSTEMPATH\CodeIgniter.php(366): CodeIgniter\CodeIgniter->handleRequest(null, Object(Config\Cache), false)
 7 FCPATH\index.php(67): CodeIgniter\CodeIgniter->run()
CRITICAL - 2023-11-07 16:14:08 --> Invalid file: "/pelicula/show.php"
in SYSTEMPATH\Exceptions\FrameworkException.php on line 33.
 1 SYSTEMPATH\View\View.php(212): CodeIgniter\Exceptions\FrameworkException::forInvalidFile('/pelicula/show.php')
 2 SYSTEMPATH\Common.php(1180): CodeIgniter\View\View->render('/pelicula/show', [], true)
 3 APPPATH\Controllers\pelicula.php(19): view('/pelicula/show', [...])
 4 SYSTEMPATH\CodeIgniter.php(932): App\Controllers\pelicula->show('1')
 5 SYSTEMPATH\CodeIgniter.php(497): CodeIgniter\CodeIgniter->runController(Object(App\Controllers\pelicula))
 6 SYSTEMPATH\CodeIgniter.php(366): CodeIgniter\CodeIgniter->handleRequest(null, Object(Config\Cache), false)
 7 FCPATH\index.php(67): CodeIgniter\CodeIgniter->run()
CRITICAL - 2023-11-07 16:14:14 --> Invalid file: "/pelicula/show.php"
in SYSTEMPATH\Exceptions\FrameworkException.php on line 33.
 1 SYSTEMPATH\View\View.php(212): CodeIgniter\Exceptions\FrameworkException::forInvalidFile('/pelicula/show.php')
 2 SYSTEMPATH\Common.php(1180): CodeIgniter\View\View->render('/pelicula/show', [], true)
 3 APPPATH\Controllers\pelicula.php(19): view('/pelicula/show', [...])
 4 SYSTEMPATH\CodeIgniter.php(932): App\Controllers\pelicula->show('2')
 5 SYSTEMPATH\CodeIgniter.php(497): CodeIgniter\CodeIgniter->runController(Object(App\Controllers\pelicula))
 6 SYSTEMPATH\CodeIgniter.php(366): CodeIgniter\CodeIgniter->handleRequest(null, Object(Config\Cache), false)
 7 FCPATH\index.php(67): CodeIgniter\CodeIgniter->run()
CRITICAL - 2023-11-07 16:15:52 --> Invalid file: "pelicula/show.php"
in SYSTEMPATH\Exceptions\FrameworkException.php on line 33.
 1 SYSTEMPATH\View\View.php(212): CodeIgniter\Exceptions\FrameworkException::forInvalidFile('pelicula/show.php')
 2 SYSTEMPATH\Common.php(1180): CodeIgniter\View\View->render('pelicula/show', [], true)
 3 APPPATH\Controllers\pelicula.php(19): view('pelicula/show', [...])
 4 SYSTEMPATH\CodeIgniter.php(932): App\Controllers\pelicula->show('1')
 5 SYSTEMPATH\CodeIgniter.php(497): CodeIgniter\CodeIgniter->runController(Object(App\Controllers\pelicula))
 6 SYSTEMPATH\CodeIgniter.php(366): CodeIgniter\CodeIgniter->handleRequest(null, Object(Config\Cache), false)
 7 FCPATH\index.php(67): CodeIgniter\CodeIgniter->run()
CRITICAL - 2023-11-07 16:15:55 --> Invalid file: "pelicula/show.php"
in SYSTEMPATH\Exceptions\FrameworkException.php on line 33.
 1 SYSTEMPATH\View\View.php(212): CodeIgniter\Exceptions\FrameworkException::forInvalidFile('pelicula/show.php')
 2 SYSTEMPATH\Common.php(1180): CodeIgniter\View\View->render('pelicula/show', [], true)
 3 APPPATH\Controllers\pelicula.php(19): view('pelicula/show', [...])
 4 SYSTEMPATH\CodeIgniter.php(932): App\Controllers\pelicula->show('2')
 5 SYSTEMPATH\CodeIgniter.php(497): CodeIgniter\CodeIgniter->runController(Object(App\Controllers\pelicula))
 6 SYSTEMPATH\CodeIgniter.php(366): CodeIgniter\CodeIgniter->handleRequest(null, Object(Config\Cache), false)
 7 FCPATH\index.php(67): CodeIgniter\CodeIgniter->run()
CRITICAL - 2023-11-07 16:16:07 --> Invalid file: "pelicula/show/.php"
in SYSTEMPATH\Exceptions\FrameworkException.php on line 33.
 1 SYSTEMPATH\View\View.php(212): CodeIgniter\Exceptions\FrameworkException::forInvalidFile('pelicula/show/.php')
 2 SYSTEMPATH\Common.php(1180): CodeIgniter\View\View->render('pelicula/show/', [], true)
 3 APPPATH\Controllers\pelicula.php(19): view('pelicula/show/', [...])
 4 SYSTEMPATH\CodeIgniter.php(932): App\Controllers\pelicula->show('1')
 5 SYSTEMPATH\CodeIgniter.php(497): CodeIgniter\CodeIgniter->runController(Object(App\Controllers\pelicula))
 6 SYSTEMPATH\CodeIgniter.php(366): CodeIgniter\CodeIgniter->handleRequest(null, Object(Config\Cache), false)
 7 FCPATH\index.php(67): CodeIgniter\CodeIgniter->run()
CRITICAL - 2023-11-07 16:16:10 --> Invalid file: "pelicula/show/.php"
in SYSTEMPATH\Exceptions\FrameworkException.php on line 33.
 1 SYSTEMPATH\View\View.php(212): CodeIgniter\Exceptions\FrameworkException::forInvalidFile('pelicula/show/.php')
 2 SYSTEMPATH\Common.php(1180): CodeIgniter\View\View->render('pelicula/show/', [], true)
 3 APPPATH\Controllers\pelicula.php(19): view('pelicula/show/', [...])
 4 SYSTEMPATH\CodeIgniter.php(932): App\Controllers\pelicula->show('2')
 5 SYSTEMPATH\CodeIgniter.php(497): CodeIgniter\CodeIgniter->runController(Object(App\Controllers\pelicula))
 6 SYSTEMPATH\CodeIgniter.php(366): CodeIgniter\CodeIgniter->handleRequest(null, Object(Config\Cache), false)
 7 FCPATH\index.php(67): CodeIgniter\CodeIgniter->run()
CRITICAL - 2023-11-07 16:16:14 --> Invalid file: "pelicula/show/.php"
in SYSTEMPATH\Exceptions\FrameworkException.php on line 33.
 1 SYSTEMPATH\View\View.php(212): CodeIgniter\Exceptions\FrameworkException::forInvalidFile('pelicula/show/.php')
 2 SYSTEMPATH\Common.php(1180): CodeIgniter\View\View->render('pelicula/show/', [], true)
 3 APPPATH\Controllers\pelicula.php(19): view('pelicula/show/', [...])
 4 SYSTEMPATH\CodeIgniter.php(932): App\Controllers\pelicula->show('1')
 5 SYSTEMPATH\CodeIgniter.php(497): CodeIgniter\CodeIgniter->runController(Object(App\Controllers\pelicula))
 6 SYSTEMPATH\CodeIgniter.php(366): CodeIgniter\CodeIgniter->handleRequest(null, Object(Config\Cache), false)
 7 FCPATH\index.php(67): CodeIgniter\CodeIgniter->run()
CRITICAL - 2023-11-07 16:16:17 --> Invalid file: "pelicula/show/.php"
in SYSTEMPATH\Exceptions\FrameworkException.php on line 33.
 1 SYSTEMPATH\View\View.php(212): CodeIgniter\Exceptions\FrameworkException::forInvalidFile('pelicula/show/.php')
 2 SYSTEMPATH\Common.php(1180): CodeIgniter\View\View->render('pelicula/show/', [], true)
 3 APPPATH\Controllers\pelicula.php(19): view('pelicula/show/', [...])
 4 SYSTEMPATH\CodeIgniter.php(932): App\Controllers\pelicula->show('2')
 5 SYSTEMPATH\CodeIgniter.php(497): CodeIgniter\CodeIgniter->runController(Object(App\Controllers\pelicula))
 6 SYSTEMPATH\CodeIgniter.php(366): CodeIgniter\CodeIgniter->handleRequest(null, Object(Config\Cache), false)
 7 FCPATH\index.php(67): CodeIgniter\CodeIgniter->run()
CRITICAL - 2023-11-07 16:16:20 --> Invalid file: "pelicula/show/.php"
in SYSTEMPATH\Exceptions\FrameworkException.php on line 33.
 1 SYSTEMPATH\View\View.php(212): CodeIgniter\Exceptions\FrameworkException::forInvalidFile('pelicula/show/.php')
 2 SYSTEMPATH\Common.php(1180): CodeIgniter\View\View->render('pelicula/show/', [], true)
 3 APPPATH\Controllers\pelicula.php(19): view('pelicula/show/', [...])
 4 SYSTEMPATH\CodeIgniter.php(932): App\Controllers\pelicula->show('1')
 5 SYSTEMPATH\CodeIgniter.php(497): CodeIgniter\CodeIgniter->runController(Object(App\Controllers\pelicula))
 6 SYSTEMPATH\CodeIgniter.php(366): CodeIgniter\CodeIgniter->handleRequest(null, Object(Config\Cache), false)
 7 FCPATH\index.php(67): CodeIgniter\CodeIgniter->run()
CRITICAL - 2023-11-07 16:16:51 --> Invalid file: "pelicula/show/.php"
in SYSTEMPATH\Exceptions\FrameworkException.php on line 33.
 1 SYSTEMPATH\View\View.php(212): CodeIgniter\Exceptions\FrameworkException::forInvalidFile('pelicula/show/.php')
 2 SYSTEMPATH\Common.php(1180): CodeIgniter\View\View->render('pelicula/show/', [], true)
 3 APPPATH\Controllers\pelicula.php(19): view('pelicula/show/', [...])
 4 SYSTEMPATH\CodeIgniter.php(932): App\Controllers\pelicula->show('1')
 5 SYSTEMPATH\CodeIgniter.php(497): CodeIgniter\CodeIgniter->runController(Object(App\Controllers\pelicula))
 6 SYSTEMPATH\CodeIgniter.php(366): CodeIgniter\CodeIgniter->handleRequest(null, Object(Config\Cache), false)
 7 FCPATH\index.php(67): CodeIgniter\CodeIgniter->run()
CRITICAL - 2023-11-07 16:16:56 --> Invalid file: "pelicula/show/.php"
in SYSTEMPATH\Exceptions\FrameworkException.php on line 33.
 1 SYSTEMPATH\View\View.php(212): CodeIgniter\Exceptions\FrameworkException::forInvalidFile('pelicula/show/.php')
 2 SYSTEMPATH\Common.php(1180): CodeIgniter\View\View->render('pelicula/show/', [], true)
 3 APPPATH\Controllers\pelicula.php(19): view('pelicula/show/', [...])
 4 SYSTEMPATH\CodeIgniter.php(932): App\Controllers\pelicula->show('2')
 5 SYSTEMPATH\CodeIgniter.php(497): CodeIgniter\CodeIgniter->runController(Object(App\Controllers\pelicula))
 6 SYSTEMPATH\CodeIgniter.php(366): CodeIgniter\CodeIgniter->handleRequest(null, Object(Config\Cache), false)
 7 FCPATH\index.php(67): CodeIgniter\CodeIgniter->run()
